<?xml version="1.0" encoding="UTF-8"?>
<!-- Generated by org.testng.reporters.JUnitReportReporter -->
<testsuite hostname="LTIN425663" failures="0" tests="1" name="cucumberOptions.TestNGRunner" time="6.519" errors="0" timestamp="2024-02-11T18:47:49 IST" skipped="0">
  <testcase classname="cucumberOptions.TestNGRunner" name="runScenario" time="6.519"/>
</testsuite> <!-- cucumberOptions.TestNGRunner -->
