<?xml version="1.0" encoding="UTF-8"?>
<!-- Generated by org.testng.reporters.JUnitReportReporter -->
<testsuite hostname="LTIN425663" failures="0" tests="1" name="testing.TestingSample" time="84.355" errors="0" timestamp="2024-02-20T18:13:19 IST" skipped="0">
  <testcase classname="testing.TestingSample" name="testingSample" time="84.355"/>
</testsuite> <!-- testing.TestingSample -->
